datetimepicker-library/build/intermediates/manifest_merge_blame_file/debug/manifest-merger-blame-debug-report.txt
1<?xml version="1.0" encoding="utf-8"?>
2<manifest xmlns:android="http://schemas.android.com/apk/res/android"
3    package="com.fourmob.datetimepicker"
4    android:versionCode="1"
5    android:versionName="1.0.0" >
6
7    <uses-sdk
8        android:minSdkVersion="27"
8-->01_devsrc\datetimepicker-library\AndroidManifest.xml
9        android:targetSdkVersion="29" />
9-->01_devsrc\datetimepicker-library\AndroidManifest.xml
10
11    <application />
11-->01_devsrc\datetimepicker-library\AndroidManifest.xml:4:5-20
12
13</manifest>